This is pdfTeX, Version 3.14159265-2.6-1.40.17 (TeX Live 2016) (preloaded format=pdflatex 2017.1.18)  14 APR 2017 19:32
entering extended mode
 restricted \write18 enabled.
 %&-line parsing enabled.
**/Users/Abrams/spring17/ml/hw/hw6/writeup/hw6.tex
(/Users/Abrams/spring17/ml/hw/hw6/writeup/hw6.tex
LaTeX2e <2016/03/31>
Babel <3.9r> and hyphenation patterns for 22 language(s) loaded.
(/usr/local/texlive/2016basic/texmf-dist/tex/latex/base/article.cls
Document Class: article 2014/09/29 v1.4h Standard LaTeX document class
(/usr/local/texlive/2016basic/texmf-dist/tex/latex/base/size12.clo
File: size12.clo 2014/09/29 v1.4h Standard LaTeX file (size option)
)
\c@part=\count79
\c@section=\count80
\c@subsection=\count81
\c@subsubsection=\count82
\c@paragraph=\count83
\c@subparagraph=\count84
\c@figure=\count85
\c@table=\count86
\abovecaptionskip=\skip41
\belowcaptionskip=\skip42
\bibindent=\dimen102
)
(/usr/local/texlive/2016basic/texmf-dist/tex/latex/geometry/geometry.sty
Package: geometry 2010/09/12 v5.6 Page Geometry

(/usr/local/texlive/2016basic/texmf-dist/tex/latex/graphics/keyval.sty
Package: keyval 2014/10/28 v1.15 key=value parser (DPC)
\KV@toks@=\toks14
)
(/usr/local/texlive/2016basic/texmf-dist/tex/generic/oberdiek/ifpdf.sty
Package: ifpdf 2016/05/14 v3.1 Provides the ifpdf switch
)
(/usr/local/texlive/2016basic/texmf-dist/tex/generic/oberdiek/ifvtex.sty
Package: ifvtex 2016/05/16 v1.6 Detect VTeX and its facilities (HO)
Package ifvtex Info: VTeX not detected.
)
(/usr/local/texlive/2016basic/texmf-dist/tex/generic/ifxetex/ifxetex.sty
Package: ifxetex 2010/09/12 v0.6 Provides ifxetex conditional
)
\Gm@cnth=\count87
\Gm@cntv=\count88
\c@Gm@tempcnt=\count89
\Gm@bindingoffset=\dimen103
\Gm@wd@mp=\dimen104
\Gm@odd@mp=\dimen105
\Gm@even@mp=\dimen106
\Gm@layoutwidth=\dimen107
\Gm@layoutheight=\dimen108
\Gm@layouthoffset=\dimen109
\Gm@layoutvoffset=\dimen110
\Gm@dimlist=\toks15
)
(/usr/local/texlive/2016basic/texmf-dist/tex/latex/amsmath/amsmath.sty
Package: amsmath 2016/03/10 v2.15b AMS math features
\@mathmargin=\skip43

For additional information on amsmath, use the `?' option.
(/usr/local/texlive/2016basic/texmf-dist/tex/latex/amsmath/amstext.sty
Package: amstext 2000/06/29 v2.01 AMS text

(/usr/local/texlive/2016basic/texmf-dist/tex/latex/amsmath/amsgen.sty
File: amsgen.sty 1999/11/30 v2.0 generic functions
\@emptytoks=\toks16
\ex@=\dimen111
))
(/usr/local/texlive/2016basic/texmf-dist/tex/latex/amsmath/amsbsy.sty
Package: amsbsy 1999/11/29 v1.2d Bold Symbols
\pmbraise@=\dimen112
)
(/usr/local/texlive/2016basic/texmf-dist/tex/latex/amsmath/amsopn.sty
Package: amsopn 2016/03/08 v2.02 operator names
)
\inf@bad=\count90
LaTeX Info: Redefining \frac on input line 199.
\uproot@=\count91
\leftroot@=\count92
LaTeX Info: Redefining \overline on input line 297.
\classnum@=\count93
\DOTSCASE@=\count94
LaTeX Info: Redefining \ldots on input line 394.
LaTeX Info: Redefining \dots on input line 397.
LaTeX Info: Redefining \cdots on input line 518.
\Mathstrutbox@=\box26
\strutbox@=\box27
\big@size=\dimen113
LaTeX Font Info:    Redeclaring font encoding OML on input line 634.
LaTeX Font Info:    Redeclaring font encoding OMS on input line 635.
\macc@depth=\count95
\c@MaxMatrixCols=\count96
\dotsspace@=\muskip10
\c@parentequation=\count97
\dspbrk@lvl=\count98
\tag@help=\toks17
\row@=\count99
\column@=\count100
\maxfields@=\count101
\andhelp@=\toks18
\eqnshift@=\dimen114
\alignsep@=\dimen115
\tagshift@=\dimen116
\tagwidth@=\dimen117
\totwidth@=\dimen118
\lineht@=\dimen119
\@envbody=\toks19
\multlinegap=\skip44
\multlinetaggap=\skip45
\mathdisplay@stack=\toks20
LaTeX Info: Redefining \[ on input line 2739.
LaTeX Info: Redefining \] on input line 2740.
)
(/usr/local/texlive/2016basic/texmf-dist/tex/latex/amscls/amsthm.sty
Package: amsthm 2015/03/04 v2.20.2
\thm@style=\toks21
\thm@bodyfont=\toks22
\thm@headfont=\toks23
\thm@notefont=\toks24
\thm@headpunct=\toks25
\thm@preskip=\skip46
\thm@postskip=\skip47
\thm@headsep=\skip48
\dth@everypar=\toks26
)
(/usr/local/texlive/2016basic/texmf-dist/tex/latex/amsfonts/amssymb.sty
Package: amssymb 2013/01/14 v3.01 AMS font symbols

(/usr/local/texlive/2016basic/texmf-dist/tex/latex/amsfonts/amsfonts.sty
Package: amsfonts 2013/01/14 v3.01 Basic AMSFonts support
\symAMSa=\mathgroup4
\symAMSb=\mathgroup5
LaTeX Font Info:    Overwriting math alphabet `\mathfrak' in version `bold'
(Font)                  U/euf/m/n --> U/euf/b/n on input line 106.
))
(/usr/local/texlive/2016basic/texmf-dist/tex/latex/graphics/graphicx.sty
Package: graphicx 2014/10/28 v1.0g Enhanced LaTeX Graphics (DPC,SPQR)

(/usr/local/texlive/2016basic/texmf-dist/tex/latex/graphics/graphics.sty
Package: graphics 2016/05/09 v1.0r Standard LaTeX Graphics (DPC,SPQR)

(/usr/local/texlive/2016basic/texmf-dist/tex/latex/graphics/trig.sty
Package: trig 2016/01/03 v1.10 sin cos tan (DPC)
)
(/usr/local/texlive/2016basic/texmf-dist/tex/latex/graphics-cfg/graphics.cfg
File: graphics.cfg 2016/01/02 v1.10 sample graphics configuration
)
Package graphics Info: Driver file: pdftex.def on input line 96.

(/usr/local/texlive/2016basic/texmf-dist/tex/latex/pdftex-def/pdftex.def
File: pdftex.def 2011/05/27 v0.06d Graphics/color for pdfTeX

(/usr/local/texlive/2016basic/texmf-dist/tex/generic/oberdiek/infwarerr.sty
Package: infwarerr 2016/05/16 v1.4 Providing info/warning/error messages (HO)
)
(/usr/local/texlive/2016basic/texmf-dist/tex/generic/oberdiek/ltxcmds.sty
Package: ltxcmds 2016/05/16 v1.23 LaTeX kernel commands for general use (HO)
)
\Gread@gobject=\count102
))
\Gin@req@height=\dimen120
\Gin@req@width=\dimen121
)
(./hw6.aux)
\openout1 = `hw6.aux'.

LaTeX Font Info:    Checking defaults for OML/cmm/m/it on input line 12.
LaTeX Font Info:    ... okay on input line 12.
LaTeX Font Info:    Checking defaults for T1/cmr/m/n on input line 12.
LaTeX Font Info:    ... okay on input line 12.
LaTeX Font Info:    Checking defaults for OT1/cmr/m/n on input line 12.
LaTeX Font Info:    ... okay on input line 12.
LaTeX Font Info:    Checking defaults for OMS/cmsy/m/n on input line 12.
LaTeX Font Info:    ... okay on input line 12.
LaTeX Font Info:    Checking defaults for OMX/cmex/m/n on input line 12.
LaTeX Font Info:    ... okay on input line 12.
LaTeX Font Info:    Checking defaults for U/cmr/m/n on input line 12.
LaTeX Font Info:    ... okay on input line 12.

*geometry* driver: auto-detecting
*geometry* detected driver: pdftex
*geometry* verbose mode - [ preamble ] result:
* driver: pdftex
* paper: <default>
* layout: <same size as paper>
* layoutoffset:(h,v)=(0.0pt,0.0pt)
* modes: 
* h-part:(L,W,R)=(72.26999pt, 469.75502pt, 72.26999pt)
* v-part:(T,H,B)=(72.26999pt, 650.43001pt, 72.26999pt)
* \paperwidth=614.295pt
* \paperheight=794.96999pt
* \textwidth=469.75502pt
* \textheight=650.43001pt
* \oddsidemargin=0.0pt
* \evensidemargin=0.0pt
* \topmargin=-37.0pt
* \headheight=12.0pt
* \headsep=25.0pt
* \topskip=12.0pt
* \footskip=30.0pt
* \marginparwidth=44.0pt
* \marginparsep=10.0pt
* \columnsep=10.0pt
* \skip\footins=10.8pt plus 4.0pt minus 2.0pt
* \hoffset=0.0pt
* \voffset=0.0pt
* \mag=1000
* \@twocolumnfalse
* \@twosidefalse
* \@mparswitchfalse
* \@reversemarginfalse
* (1in=72.27pt=25.4mm, 1cm=28.453pt)

(/usr/local/texlive/2016basic/texmf-dist/tex/context/base/mkii/supp-pdf.mkii
[Loading MPS to PDF converter (version 2006.09.02).]
\scratchcounter=\count103
\scratchdimen=\dimen122
\scratchbox=\box28
\nofMPsegments=\count104
\nofMParguments=\count105
\everyMPshowfont=\toks27
\MPscratchCnt=\count106
\MPscratchDim=\dimen123
\MPnumerator=\count107
\makeMPintoPDFobject=\count108
\everyMPtoPDFconversion=\toks28
) (/usr/local/texlive/2016basic/texmf-dist/tex/generic/oberdiek/pdftexcmds.sty
Package: pdftexcmds 2016/05/10 v0.21 Utility functions of pdfTeX for LuaTeX (HO
)

(/usr/local/texlive/2016basic/texmf-dist/tex/generic/oberdiek/ifluatex.sty
Package: ifluatex 2016/05/16 v1.4 Provides the ifluatex switch (HO)
Package ifluatex Info: LuaTeX not detected.
)
Package pdftexcmds Info: LuaTeX not detected.
Package pdftexcmds Info: \pdf@primitive is available.
Package pdftexcmds Info: \pdf@ifprimitive is available.
Package pdftexcmds Info: \pdfdraftmode found.
)
(/usr/local/texlive/2016basic/texmf-dist/tex/latex/oberdiek/epstopdf-base.sty
Package: epstopdf-base 2016/05/15 v2.6 Base part for package epstopdf

(/usr/local/texlive/2016basic/texmf-dist/tex/latex/oberdiek/grfext.sty
Package: grfext 2016/05/16 v1.2 Manage graphics extensions (HO)

(/usr/local/texlive/2016basic/texmf-dist/tex/generic/oberdiek/kvdefinekeys.sty
Package: kvdefinekeys 2016/05/16 v1.4 Define keys (HO)
)) (/usr/local/texlive/2016basic/texmf-dist/tex/latex/oberdiek/kvoptions.sty
Package: kvoptions 2016/05/16 v3.12 Key value format for package options (HO)

(/usr/local/texlive/2016basic/texmf-dist/tex/generic/oberdiek/kvsetkeys.sty
Package: kvsetkeys 2016/05/16 v1.17 Key value parser (HO)

(/usr/local/texlive/2016basic/texmf-dist/tex/generic/oberdiek/etexcmds.sty
Package: etexcmds 2016/05/16 v1.6 Avoid name clashes with e-TeX commands (HO)
Package etexcmds Info: Could not find \expanded.
(etexcmds)             That can mean that you are not using pdfTeX 1.50 or
(etexcmds)             that some package has redefined \expanded.
(etexcmds)             In the latter case, load this package earlier.
)))
Package grfext Info: Graphics extension search list:
(grfext)             [.png,.pdf,.jpg,.mps,.jpeg,.jbig2,.jb2,.PNG,.PDF,.JPG,.JPE
G,.JBIG2,.JB2,.eps]
(grfext)             \AppendGraphicsExtensions on input line 456.

(/usr/local/texlive/2016basic/texmf-dist/tex/latex/latexconfig/epstopdf-sys.cfg
File: epstopdf-sys.cfg 2010/07/13 v1.3 Configuration of (r)epstopdf for TeX Liv
e
))
LaTeX Font Info:    Try loading font information for U+msa on input line 23.
 (/usr/local/texlive/2016basic/texmf-dist/tex/latex/amsfonts/umsa.fd
File: umsa.fd 2013/01/14 v3.01 AMS symbols A
)
LaTeX Font Info:    Try loading font information for U+msb on input line 23.

(/usr/local/texlive/2016basic/texmf-dist/tex/latex/amsfonts/umsb.fd
File: umsb.fd 2013/01/14 v3.01 AMS symbols B
) [1

{/usr/local/texlive/2016basic/texmf-var/fonts/map/pdftex/updmap/pdftex.map}] [2
]
<Cost_Function.png, id=18, 522.5121pt x 411.939pt>
File: Cost_Function.png Graphic file (type png)
 <use Cost_Function.png>
Package pdftex.def Info: Cost_Function.png used on input line 57.
(pdftex.def)             Requested size: 288.714pt x 227.62204pt.

Underfull \hbox (badness 10000) in paragraph at lines 53--59

 []

[3 <./Cost_Function.png>] <images/correct0.png, id=25, 20.2356pt x 20.2356pt>
File: images/correct0.png Graphic file (type png)

<use images/correct0.png>
Package pdftex.def Info: images/correct0.png used on input line 71.
(pdftex.def)             Requested size: 56.90872pt x 56.9055pt.
 <images/correct1.png, id=26, 20.2356pt x 20.2356pt>
File: images/correct1.png Graphic file (type png)

<use images/correct1.png>
Package pdftex.def Info: images/correct1.png used on input line 72.
(pdftex.def)             Requested size: 56.90872pt x 56.9055pt.
 <images/correct2.png, id=27, 20.2356pt x 20.2356pt>
File: images/correct2.png Graphic file (type png)

<use images/correct2.png>
Package pdftex.def Info: images/correct2.png used on input line 73.
(pdftex.def)             Requested size: 56.90872pt x 56.9055pt.
 <images/correct3.png, id=28, 20.2356pt x 20.2356pt>
File: images/correct3.png Graphic file (type png)

<use images/correct3.png>
Package pdftex.def Info: images/correct3.png used on input line 74.
(pdftex.def)             Requested size: 56.90872pt x 56.9055pt.
 <images/correct4.png, id=29, 20.2356pt x 20.2356pt>
File: images/correct4.png Graphic file (type png)

<use images/correct4.png>
Package pdftex.def Info: images/correct4.png used on input line 75.
(pdftex.def)             Requested size: 56.90872pt x 56.9055pt.

<images/incorrect0.png, id=30, 20.2356pt x 20.2356pt>
File: images/incorrect0.png Graphic file (type png)

<use images/incorrect0.png>
Package pdftex.def Info: images/incorrect0.png used on input line 79.
(pdftex.def)             Requested size: 56.90872pt x 56.9055pt.

<images/incorrect1.png, id=31, 20.2356pt x 20.2356pt>
File: images/incorrect1.png Graphic file (type png)

<use images/incorrect1.png>
Package pdftex.def Info: images/incorrect1.png used on input line 80.
(pdftex.def)             Requested size: 56.90872pt x 56.9055pt.

<images/incorrect2.png, id=32, 20.2356pt x 20.2356pt>
File: images/incorrect2.png Graphic file (type png)

<use images/incorrect2.png>
Package pdftex.def Info: images/incorrect2.png used on input line 81.
(pdftex.def)             Requested size: 56.90872pt x 56.9055pt.

<images/incorrect3.png, id=33, 20.2356pt x 20.2356pt>
File: images/incorrect3.png Graphic file (type png)

<use images/incorrect3.png>
Package pdftex.def Info: images/incorrect3.png used on input line 82.
(pdftex.def)             Requested size: 56.90872pt x 56.9055pt.

<images/incorrect4.png, id=34, 20.2356pt x 20.2356pt>
File: images/incorrect4.png Graphic file (type png)

<use images/incorrect4.png>
Package pdftex.def Info: images/incorrect4.png used on input line 83.
(pdftex.def)             Requested size: 56.90872pt x 56.9055pt.

Underfull \hbox (badness 10000) in paragraph at lines 68--85

 []


Underfull \hbox (badness 10000) in paragraph at lines 68--85

 []

[4 <./images/correct0.png> <./images/correct1.png> <./images/correct2.png> <./i
mages/correct3.png> <./images/correct4.png> <./images/incorrect0.png> <./images
/incorrect1.png> <./images/incorrect2.png> <./images/incorrect3.png> <./images/
incorrect4.png>] [5]
Overfull \hbox (11.89522pt too wide) in paragraph at lines 236--236
[]\OT1/cmtt/m/n/12 self.images = np.concatenate((images, np.ones((len(images[:,
0]), 1))), axis=1)[] 
 []


Overfull \hbox (92.17026pt too wide) in paragraph at lines 236--236
[]\OT1/cmtt/m/n/12 self.V = np.random.normal(mu, sigma_v, (self.hidden_layer_si
ze, self.input_layer_size + 1))[] 
 []


Overfull \hbox (98.34526pt too wide) in paragraph at lines 236--236
[]\OT1/cmtt/m/n/12 self.W = np.random.normal(mu, sigma_w, (self.output_layer_si
ze, self.hidden_layer_size + 1))[] 
 []


Overfull \hbox (30.42023pt too wide) in paragraph at lines 236--236
[]\OT1/cmtt/m/n/12 return -1*(np.dot(y.T, np.log(z)).ravel() + np.dot((1-y).T, 
np.log(1-z)).ravel())[] 
 []


Overfull \hbox (11.89522pt too wide) in paragraph at lines 236--236
[]\OT1/cmtt/m/n/12 # The forward step of the Neural Network. Takes in a sample 
point, or batch of[] 
 []

[6]
Overfull \hbox (18.07022pt too wide) in paragraph at lines 236--236
[]\OT1/cmtt/m/n/12 # returns dJ/DV and dJdW (the gradients of the cost function
 w.r.t our weights.[] 
 []


Overfull \hbox (36.59523pt too wide) in paragraph at lines 236--236
[]\OT1/cmtt/m/n/12 dJdV = np.dot(np.delete((np.dot(self.W.T, (z-y)) * (1 - h**2
)), 200, axis=0), X.T)[] 
 []


Overfull \hbox (73.64525pt too wide) in paragraph at lines 236--236
[]\OT1/cmtt/m/n/12 self.learn(dJdV, dJdW, v_learning_rate=v_learning_rate, w_le
arning_rate=w_learning_rate)[] 
 []


Overfull \hbox (5.72021pt too wide) in paragraph at lines 236--236
[]\OT1/cmtt/m/n/12 # TrainMini method. Takes in BATCH_SIZE, V_LEARNING_RATE, an
d W_LEARNING_RATE[] 
 []


Overfull \hbox (55.12024pt too wide) in paragraph at lines 236--236
[]\OT1/cmtt/m/n/12 self.learn((1/batch_size)*dJdV, (1/batch_size)*dJdW, v_learn
ing_rate=v_learning_rate,[] 
 []

[7]
Overfull \hbox (55.12024pt too wide) in paragraph at lines 236--236
[]\OT1/cmtt/m/n/12 self.learn((1/batch_size)*dJdV, (1/batch_size)*dJdW, v_learn
ing_rate=v_learning_rate,[] 
 []


Overfull \hbox (55.12024pt too wide) in paragraph at lines 236--236
[]\OT1/cmtt/m/n/12 self.learn(dJdV*(1/batch_size), dJdW*(1/batch_size), v_learn
ing_rate=v_learning_rate,[] 
 []


Overfull \hbox (73.64525pt too wide) in paragraph at lines 236--236
[]\OT1/cmtt/m/n/12 self.learn(dJdV, dJdW, v_learning_rate=v_learning_rate, w_le
arning_rate=w_learning_rate)[] 
 []

[8]
Overfull \hbox (11.89522pt too wide) in paragraph at lines 236--236
[]\OT1/cmtt/m/n/12 self.images = np.concatenate((images, np.ones((len(images[:,
0]), 1))), axis=1)[] 
 []

[9] [10] [11] [12] [13] [14] [15] [16]
Overfull \hbox (18.07022pt too wide) in paragraph at lines 534--534
[]\OT1/cmtt/m/n/12 plt.imsave('images/correct'+str(i), correct_list[i].reshape(
28,28), cmap=c_map)[] 
 []


Overfull \hbox (42.77023pt too wide) in paragraph at lines 534--534
[]\OT1/cmtt/m/n/12 plt.imsave('images/incorrect'+str(i), incorrect_list[i].resh
ape(28,28), cmap=c_map)[] 
 []

[17] [18] [19] [20] [21] (./hw6.aux) ) 
Here is how much of TeX's memory you used:
 2994 strings out of 494447
 41327 string characters out of 6166766
 106913 words of memory out of 5000000
 6276 multiletter control sequences out of 15000+600000
 12265 words of font info for 48 fonts, out of 8000000 for 9000
 319 hyphenation exceptions out of 8191
 37i,6n,32p,423b,286s stack positions out of 5000i,500n,10000p,200000b,80000s
</usr/local/texlive/2016basic/texmf-dist/
fonts/type1/public/amsfonts/cm/cmbx12.pfb></usr/local/texlive/2016basic/texmf-d
ist/fonts/type1/public/amsfonts/cm/cmex10.pfb></usr/local/texlive/2016basic/tex
mf-dist/fonts/type1/public/amsfonts/cm/cmmi12.pfb></usr/local/texlive/2016basic
/texmf-dist/fonts/type1/public/amsfonts/cm/cmmi6.pfb></usr/local/texlive/2016ba
sic/texmf-dist/fonts/type1/public/amsfonts/cm/cmmi8.pfb></usr/local/texlive/201
6basic/texmf-dist/fonts/type1/public/amsfonts/cm/cmr12.pfb></usr/local/texlive/
2016basic/texmf-dist/fonts/type1/public/amsfonts/cm/cmr17.pfb></usr/local/texli
ve/2016basic/texmf-dist/fonts/type1/public/amsfonts/cm/cmr8.pfb></usr/local/tex
live/2016basic/texmf-dist/fonts/type1/public/amsfonts/cm/cmsy10.pfb></usr/local
/texlive/2016basic/texmf-dist/fonts/type1/public/amsfonts/cm/cmtt12.pfb>
Output written on hw6.pdf (21 pages, 189650 bytes).
PDF statistics:
 135 PDF objects out of 1000 (max. 8388607)
 79 compressed objects within 1 object stream
 0 named destinations out of 1000 (max. 500000)
 56 words of extra memory for PDF output out of 10000 (max. 10000000)

